<?xml version="1.0" encoding="UTF-8"?>
<testng-results ignored="0" total="2" passed="2" failed="0" skipped="0">
  <reporter-output>
  </reporter-output>
  <suite started-at="2020-04-25T20:53:50 IST" name="Default suite" finished-at="2020-04-25T20:54:57 IST" duration-ms="67071">
    <groups>
    </groups>
    <test started-at="2020-04-25T20:53:50 IST" name="Default test" finished-at="2020-04-25T20:54:57 IST" duration-ms="67071">
      <class name="com.guru.test.ManagerHomePageTest">
        <test-method is-config="true" signature="setUp()[pri:0, instance:com.guru.test.ManagerHomePageTest@7219ec67]" started-at="2020-04-25T20:53:50 IST" name="setUp" finished-at="2020-04-25T20:54:26 IST" duration-ms="35675" status="PASS">
          <reporter-output>
          </reporter-output>
        </test-method> <!-- setUp -->
        <test-method signature="verifyManagerHomePageTitle()[pri:0, instance:com.guru.test.ManagerHomePageTest@7219ec67]" started-at="2020-04-25T20:54:26 IST" name="verifyManagerHomePageTitle" finished-at="2020-04-25T20:54:26 IST" duration-ms="16" status="PASS">
          <reporter-output>
          </reporter-output>
        </test-method> <!-- verifyManagerHomePageTitle -->
        <test-method is-config="true" signature="tearDown()[pri:0, instance:com.guru.test.ManagerHomePageTest@7219ec67]" started-at="2020-04-25T20:54:26 IST" name="tearDown" finished-at="2020-04-25T20:54:26 IST" duration-ms="616" status="PASS">
          <reporter-output>
          </reporter-output>
        </test-method> <!-- tearDown -->
        <test-method is-config="true" signature="setUp()[pri:0, instance:com.guru.test.ManagerHomePageTest@7219ec67]" started-at="2020-04-25T20:54:26 IST" name="setUp" finished-at="2020-04-25T20:54:56 IST" duration-ms="30067" status="PASS">
          <reporter-output>
          </reporter-output>
        </test-method> <!-- setUp -->
        <test-method signature="verifyMarqeeText()[pri:0, instance:com.guru.test.ManagerHomePageTest@7219ec67]" started-at="2020-04-25T20:54:56 IST" name="verifyMarqeeText" finished-at="2020-04-25T20:54:56 IST" depends-on-methods="com.guru.test.ManagerHomePageTest.verifyManagerHomePageTitle" duration-ms="36" status="PASS">
          <reporter-output>
          </reporter-output>
        </test-method> <!-- verifyMarqeeText -->
        <test-method is-config="true" signature="tearDown()[pri:0, instance:com.guru.test.ManagerHomePageTest@7219ec67]" started-at="2020-04-25T20:54:56 IST" name="tearDown" finished-at="2020-04-25T20:54:57 IST" duration-ms="595" status="PASS">
          <reporter-output>
          </reporter-output>
        </test-method> <!-- tearDown -->
      </class> <!-- com.guru.test.ManagerHomePageTest -->
    </test> <!-- Default test -->
  </suite> <!-- Default suite -->
</testng-results>
