<?xml version="1.0" encoding="UTF-8"?>
<!-- Generated by org.testng.reporters.JUnitXMLReporter -->
<testsuite ignored="0" hostname="Anil007-PC" failures="0" tests="5" name="ClearPOM" time="159.802" errors="0" timestamp="2020-04-25T23:54:18 IST">
  <testcase classname="com.guru.test.BankHomePageTest" name="verifyHomePageTitleTest" time="0.023"/>
  <testcase classname="com.guru.test.BankHomePageTest" name="verifyGuruLogoTest" time="0.063"/>
  <testcase classname="com.guru.test.BankHomePageTest" name="verifyGuruHeaderTest" time="0.053"/>
  <testcase classname="com.guru.test.BankHomePageTest" name="VerifyGuruHeaderText" time="0.079"/>
  <testcase classname="com.guru.test.BankHomePageTest" name="verifyTheLoginSection" time="1.967"/>
</testsuite> <!-- ClearPOM -->
